Removed Pin From Net: NetName=GND Pin=BT1-2
Removed Pin From Net: NetName=GND Pin=BT1-2
Removed Pin From Net: NetName=GND Pin=BT2-2
Removed Pin From Net: NetName=GND Pin=BT2-2
Removed Pin From Net: NetName=GND Pin=BT3-2
Removed Pin From Net: NetName=GND Pin=BT3-2
Removed Pin From Net: NetName=GND Pin=BT4-2
Removed Pin From Net: NetName=GND Pin=BT4-2
Removed Member From Class: ClassName=wire_cutter_sch Member=BT1
Removed Member From Class: ClassName=wire_cutter_sch Member=BT2
Removed Member From Class: ClassName=wire_cutter_sch Member=BT3
Removed Member From Class: ClassName=wire_cutter_sch Member=BT4
Added Component: Designator=J1(XH_2)
Add component (AddParameter): Name = "ASSEMBLY"; Value = ""; VariantName = "[No Variations]"
Add component (AddParameter): Name = "DESC"; Value = ""; VariantName = "[No Variations]"
Add component (AddParameter): Name = "DIST#"; Value = ""; VariantName = "[No Variations]"
Add component (AddParameter): Name = "MANF"; Value = ""; VariantName = "[No Variations]"
Add component (AddParameter): Name = "MANF_P#"; Value = ""; VariantName = "[No Variations]"
Add component (AddParameter): Name = "PARAM"; Value = ""; VariantName = "[No Variations]"
Add component (AddParameter): Name = "PARAM2"; Value = ""; VariantName = "[No Variations]"
Add component (AddParameter): Name = "PRICE"; Value = ""; VariantName = "[No Variations]"
Add component (AddParameter): Name = "VALUE"; Value = "HHDR_2"; VariantName = "[No Variations]"
Added Component: Designator=J2(XH_2)
Add component (AddParameter): Name = "ASSEMBLY"; Value = ""; VariantName = "[No Variations]"
Add component (AddParameter): Name = "DESC"; Value = ""; VariantName = "[No Variations]"
Add component (AddParameter): Name = "DIST#"; Value = ""; VariantName = "[No Variations]"
Add component (AddParameter): Name = "MANF"; Value = ""; VariantName = "[No Variations]"
Add component (AddParameter): Name = "MANF_P#"; Value = ""; VariantName = "[No Variations]"
Add component (AddParameter): Name = "PARAM"; Value = ""; VariantName = "[No Variations]"
Add component (AddParameter): Name = "PARAM2"; Value = ""; VariantName = "[No Variations]"
Add component (AddParameter): Name = "PRICE"; Value = ""; VariantName = "[No Variations]"
Add component (AddParameter): Name = "VALUE"; Value = "HHDR_2"; VariantName = "[No Variations]"
Added Component: Designator=JP1(JP 1x8 DT)
Add component (AddParameter): Name = "Chung_Loai"; Value = "C?m"; VariantName = "[No Variations]"
Add component (AddParameter): Name = "Don_Vi"; Value = "Con"; VariantName = "[No Variations]"
Add component (AddParameter): Name = "Ghi_Chu"; Value = ""; VariantName = "[No Variations]"
Add component (AddParameter): Name = "Kieu_Chan"; Value = ""; VariantName = "[No Variations]"
Add component (AddParameter): Name = "Ma_Hang"; Value = "MH000903"; VariantName = "[No Variations]"
Add component (AddParameter): Name = "Ten_Linh_Kien"; Value = "Jump Ðon Ð?c 2.54MM 1x40P Th?ng 11MM"; VariantName = "[No Variations]"
Added Pin To Net: NetName=GND Pin=J1-1
Added Pin To Net: NetName=GND Pin=J2-1
Added Pin To Net: NetName=1 Pin=JP1-4
Added Pin To Net: NetName=1 Pin=U2-A3
Added Net: Name=1
Added Pin To Net: NetName=2 Pin=JP1-3
Added Pin To Net: NetName=2 Pin=U2-A2
Added Net: Name=2
Added Pin To Net: NetName=3 Pin=JP1-2
Added Pin To Net: NetName=3 Pin=U2-A1
Added Net: Name=3
Added Pin To Net: NetName=4 Pin=JP1-1
Added Pin To Net: NetName=4 Pin=U2-A0
Added Net: Name=4
Added Pin To Net: NetName=A Pin=JP1-8
Added Pin To Net: NetName=A Pin=U2-5
Added Net: Name=A
Added Pin To Net: NetName=B Pin=JP1-7
Added Pin To Net: NetName=B Pin=U2-4
Added Net: Name=B
Added Pin To Net: NetName=C Pin=JP1-6
Added Pin To Net: NetName=C Pin=U2-3
Added Net: Name=C
Added Pin To Net: NetName=D Pin=JP1-5
Added Pin To Net: NetName=D Pin=U2-2
Added Net: Name=D
Added Pin To Net: NetName=START Pin=J1-2
Added Pin To Net: NetName=START Pin=U2-10
Added Net: Name=START
Added Pin To Net: NetName=STOP Pin=J2-2
Added Pin To Net: NetName=STOP Pin=U2-11
Added Net: Name=STOP
Added Member To Class: ClassName=wire_cutter_sch Member=Component J1 HHDR_2
Added Member To Class: ClassName=wire_cutter_sch Member=Component J2 HHDR_2
Added Member To Class: ClassName=wire_cutter_sch Member=Component JP1 JP 1x8 2.54
Added Room: Name=wire_cutter_sch
