Added Component: Designator=*(MINI_BUCK_3A)
Added Component: Designator=BT1(Nut Nhan 4 Chan Cam 6x6)
Add component (AddParameter): Name = "Ma_Hang"; Value = "MH004584"; VariantName = "[No Variations]"
Add component (AddParameter): Name = "Ten"; Value = "Nút Nh?n 4 Chân 6x6x5MM DIP"; VariantName = "[No Variations]"
Added Component: Designator=BT2(Nut Nhan 4 Chan Cam 6x6)
Add component (AddParameter): Name = "Ma_Hang"; Value = "MH004584"; VariantName = "[No Variations]"
Add component (AddParameter): Name = "Ten"; Value = "Nút Nh?n 4 Chân 6x6x5MM DIP"; VariantName = "[No Variations]"
Added Component: Designator=BT3(Nut Nhan 4 Chan Cam 6x6)
Add component (AddParameter): Name = "Ma_Hang"; Value = "MH004584"; VariantName = "[No Variations]"
Add component (AddParameter): Name = "Ten"; Value = "Nút Nh?n 4 Chân 6x6x5MM DIP"; VariantName = "[No Variations]"
Added Component: Designator=BT4(Nut Nhan 4 Chan Cam 6x6)
Add component (AddParameter): Name = "Ma_Hang"; Value = "MH004584"; VariantName = "[No Variations]"
Add component (AddParameter): Name = "Ten"; Value = "Nút Nh?n 4 Chân 6x6x5MM DIP"; VariantName = "[No Variations]"
Added Component: Designator=H1(Header 3P DC 2.54)
Add component (AddParameter): Name = "Chung_Loai"; Value = "C?m"; VariantName = "[No Variations]"
Add component (AddParameter): Name = "Don_Vi"; Value = "Con"; VariantName = "[No Variations]"
Add component (AddParameter): Name = "Ghi_Chu"; Value = ""; VariantName = "[No Variations]"
Add component (AddParameter): Name = "Kieu_Chan"; Value = ""; VariantName = "[No Variations]"
Add component (AddParameter): Name = "Ma_Hang"; Value = "MH001302"; VariantName = "[No Variations]"
Add component (AddParameter): Name = "Ten_Linh_Kien"; Value = "Header 3P XH2.54-3P Ð?c Cong"; VariantName = "[No Variations]"
Added Component: Designator=H2(Header 4P DC 2.54)
Add component (AddParameter): Name = "Chung_Loai"; Value = "C?m"; VariantName = "[No Variations]"
Add component (AddParameter): Name = "Don_Vi"; Value = "Con"; VariantName = "[No Variations]"
Add component (AddParameter): Name = "Ghi_Chu"; Value = ""; VariantName = "[No Variations]"
Add component (AddParameter): Name = "Kieu_Chan"; Value = ""; VariantName = "[No Variations]"
Add component (AddParameter): Name = "Ma_Hang"; Value = "MH001310"; VariantName = "[No Variations]"
Add component (AddParameter): Name = "Ten_Linh_Kien"; Value = "Header 4P XH2.54-4P Ð?c Cong"; VariantName = "[No Variations]"
Added Component: Designator=H3(Header 4P DC 2.54)
Add component (AddParameter): Name = "Chung_Loai"; Value = "C?m"; VariantName = "[No Variations]"
Add component (AddParameter): Name = "Don_Vi"; Value = "Con"; VariantName = "[No Variations]"
Add component (AddParameter): Name = "Ghi_Chu"; Value = ""; VariantName = "[No Variations]"
Add component (AddParameter): Name = "Kieu_Chan"; Value = ""; VariantName = "[No Variations]"
Add component (AddParameter): Name = "Ma_Hang"; Value = "MH001310"; VariantName = "[No Variations]"
Add component (AddParameter): Name = "Ten_Linh_Kien"; Value = "Header 4P XH2.54-4P Ð?c Cong"; VariantName = "[No Variations]"
Added Component: Designator=JACK DC1(JACK DC 5.5)
Add component (AddParameter): Name = "Value"; Value = "Jac DC"; VariantName = "[No Variations]"
Added Component: Designator=U1(DRV8825)
Added Component: Designator=U2(Arduino Uno)
Added Pin To Net: NetName=12V Pin=*-1
Added Pin To Net: NetName=12V Pin=*-1
Added Pin To Net: NetName=GND Pin=*-2
Added Pin To Net: NetName=GND Pin=*-2
Added Pin To Net: NetName=GND Pin=*-3
Added Pin To Net: NetName=GND Pin=*-3
Added Pin To Net: NetName=5V Pin=*-4
Added Pin To Net: NetName=5V Pin=*-4
Added Pin To Net: NetName=UP Pin=BT1-1
Added Pin To Net: NetName=UP Pin=BT1-1
Added Pin To Net: NetName=GND Pin=BT1-2
Added Pin To Net: NetName=GND Pin=BT1-2
Added Pin To Net: NetName=DOWN Pin=BT2-1
Added Pin To Net: NetName=DOWN Pin=BT2-1
Added Pin To Net: NetName=GND Pin=BT2-2
Added Pin To Net: NetName=GND Pin=BT2-2
Added Pin To Net: NetName=LEFT Pin=BT3-1
Added Pin To Net: NetName=LEFT Pin=BT3-1
Added Pin To Net: NetName=GND Pin=BT3-2
Added Pin To Net: NetName=GND Pin=BT3-2
Added Pin To Net: NetName=RIGHT Pin=BT4-1
Added Pin To Net: NetName=RIGHT Pin=BT4-1
Added Pin To Net: NetName=GND Pin=BT4-2
Added Pin To Net: NetName=GND Pin=BT4-2
Added Pin To Net: NetName=servo_data Pin=H1-1
Added Pin To Net: NetName=5V Pin=H1-2
Added Pin To Net: NetName=GND Pin=H1-3
Added Pin To Net: NetName=B- Pin=H2-1
Added Pin To Net: NetName=B+ Pin=H2-2
Added Pin To Net: NetName=A- Pin=H2-3
Added Pin To Net: NetName=A+ Pin=H2-4
Added Pin To Net: NetName=SCL Pin=H3-1
Added Pin To Net: NetName=SDA Pin=H3-2
Added Pin To Net: NetName=5V Pin=H3-3
Added Pin To Net: NetName=GND Pin=H3-4
Added Pin To Net: NetName=12V Pin=JACK DC1-1
Added Pin To Net: NetName=GND Pin=JACK DC1-2
Added Pin To Net: NetName=GND Pin=JACK DC1-3
Added Pin To Net: NetName=ENB Pin=U1-1
Added Pin To Net: NetName=5V Pin=U1-5
Added Pin To Net: NetName=5V Pin=U1-6
Added Pin To Net: NetName=STEP Pin=U1-7
Added Pin To Net: NetName=DIR Pin=U1-8
Added Pin To Net: NetName=GND Pin=U1-9
Added Pin To Net: NetName=A- Pin=U1-11
Added Pin To Net: NetName=A+ Pin=U1-12
Added Pin To Net: NetName=B+ Pin=U1-13
Added Pin To Net: NetName=B- Pin=U1-14
Added Pin To Net: NetName=GND Pin=U1-15
Added Pin To Net: NetName=12V Pin=U1-16
Added Pin To Net: NetName=UP Pin=U2-2
Added Pin To Net: NetName=DOWN Pin=U2-3
Added Pin To Net: NetName=LEFT Pin=U2-4
Added Pin To Net: NetName=RIGHT Pin=U2-5
Added Pin To Net: NetName=5V Pin=U2-5V
Added Pin To Net: NetName=STEP Pin=U2-6
Added Pin To Net: NetName=DIR Pin=U2-7
Added Pin To Net: NetName=ENB Pin=U2-8
Added Pin To Net: NetName=servo_data Pin=U2-9
Added Pin To Net: NetName=GND Pin=U2-AREF
Added Pin To Net: NetName=GND Pin=U2-GND1
Added Pin To Net: NetName=GND Pin=U2-GND2
Added Pin To Net: NetName=SCL Pin=U2-SCL
Added Pin To Net: NetName=SDA Pin=U2-SDA
Added Member To Class: ClassName=wire_cutter_sch Member=Component * mini_buck_3a
Added Member To Class: ClassName=wire_cutter_sch Member=Component BT1 Nut Nhan 4 Chan Cam 6x6
Added Member To Class: ClassName=wire_cutter_sch Member=Component BT2 Nut Nhan 4 Chan Cam 6x6
Added Member To Class: ClassName=wire_cutter_sch Member=Component BT3 Nut Nhan 4 Chan Cam 6x6
Added Member To Class: ClassName=wire_cutter_sch Member=Component BT4 Nut Nhan 4 Chan Cam 6x6
Added Member To Class: ClassName=wire_cutter_sch Member=Component H1 SERVO
Added Member To Class: ClassName=wire_cutter_sch Member=Component H2 STEP_MOTOR
Added Member To Class: ClassName=wire_cutter_sch Member=Component H3 LCD_I2C
Added Member To Class: ClassName=wire_cutter_sch Member=Component JACK DC1 JACK DC 5.5
Added Member To Class: ClassName=wire_cutter_sch Member=Component U1 DRV8825
Added Member To Class: ClassName=wire_cutter_sch Member=Component U2 Arduino Uno
Added Room: Name=wire_cutter_sch
